# JRE version: OpenJDK Runtime Environment (11.0.10) (build 11.0.10+0-b96-7249189)
# Java VM: OpenJDK 64-Bit Server VM (11.0.10+0-b96-7249189, mixed mode, tiered, compressed oops, g1 gc, windows-amd64)
Heap:
 garbage-first heap   total 189440K, used 112426K [0x0000000080000000, 0x0000000100000000)
  region size 1024K, 17 young (17408K), 7 survivors (7168K)
 Metaspace       used 104578K, capacity 107523K, committed 107648K, reserved 1142784K
  class space    used 13582K, capacity 14657K, committed 14720K, reserved 1048576K
GC Heap History (20 events):
Event: 18.435 GC heap before
{Heap before GC invocations=19 (full 0):
 garbage-first heap   total 157696K, used 115268K [0x0000000080000000, 0x0000000100000000)
  region size 1024K, 45 young (46080K), 4 survivors (4096K)
 Metaspace       used 69604K, capacity 71416K, committed 71552K, reserved 1112064K
  class space    used 8884K, capacity 9531K, committed 9600K, reserved 1048576K
}
Event: 18.447 GC heap after
{Heap after GC invocations=20 (full 0):
 garbage-first heap   total 157696K, used 78372K [0x0000000080000000, 0x0000000100000000)
  region size 1024K, 7 young (7168K), 7 survivors (7168K)
 Metaspace       used 69604K, capacity 71416K, committed 71552K, reserved 1112064K
  class space    used 8884K, capacity 9531K, committed 9600K, reserved 1048576K
}
Event: 19.297 GC heap before
{Heap before GC invocations=21 (full 0):
 garbage-first heap   total 157696K, used 126500K [0x0000000080000000, 0x0000000100000000)
  region size 1024K, 53 young (54272K), 7 survivors (7168K)
 Metaspace       used 72161K, capacity 74071K, committed 74240K, reserved 1114112K
  class space    used 9250K, capacity 9898K, committed 9984K, reserved 1048576K
}
Event: 19.310 GC heap after
{Heap after GC invocations=22 (full 0):
 garbage-first heap   total 157696K, used 82152K [0x0000000080000000, 0x0000000100000000)
  region size 1024K, 5 young (5120K), 5 survivors (5120K)
 Metaspace       used 72161K, capacity 74071K, committed 74240K, reserved 1114112K
  class space    used 9250K, capacity 9898K, committed 9984K, reserved 1048576K
}
Event: 20.141 GC heap before
{Heap before GC invocations=22 (full 0):
 garbage-first heap   total 157696K, used 127208K [0x0000000080000000, 0x0000000100000000)
  region size 1024K, 49 young (50176K), 5 survivors (5120K)
 Metaspace       used 76768K, capacity 78702K, committed 78848K, reserved 1118208K
  class space    used 9998K, capacity 10669K, committed 10752K, reserved 1048576K
}
Event: 20.149 GC heap after
{Heap after GC invocations=23 (full 0):
 garbage-first heap   total 157696K, used 84294K [0x0000000080000000, 0x0000000100000000)
  region size 1024K, 3 young (3072K), 3 survivors (3072K)
 Metaspace       used 76768K, capacity 78702K, committed 78848K, reserved 1118208K
  class space    used 9998K, capacity 10669K, committed 10752K, reserved 1048576K
}
Event: 20.931 GC heap before
{Heap before GC invocations=24 (full 0):
 garbage-first heap   total 157696K, used 128326K [0x0000000080000000, 0x0000000100000000)
  region size 1024K, 46 young (47104K), 3 survivors (3072K)
 Metaspace       used 80078K, capacity 82233K, committed 82432K, reserved 1120256K
  class space    used 10447K, capacity 11220K, committed 11264K, reserved 1048576K
}
Event: 20.939 GC heap after
{Heap after GC invocations=25 (full 0):
 garbage-first heap   total 157696K, used 86903K [0x0000000080000000, 0x0000000100000000)
  region size 1024K, 5 young (5120K), 5 survivors (5120K)
 Metaspace       used 80078K, capacity 82233K, committed 82432K, reserved 1120256K
  class space    used 10447K, capacity 11220K, committed 11264K, reserved 1048576K
}
Event: 21.400 GC heap before
{Heap before GC invocations=25 (full 0):
 garbage-first heap   total 157696K, used 116599K [0x0000000080000000, 0x0000000100000000)
  region size 1024K, 35 young (35840K), 5 survivors (5120K)
 Metaspace       used 81676K, capacity 83924K, committed 84224K, reserved 1122304K
  class space    used 10642K, capacity 11416K, committed 11520K, reserved 1048576K
}
Event: 21.411 GC heap after
{Heap after GC invocations=26 (full 0):
 garbage-first heap   total 157696K, used 89095K [0x0000000080000000, 0x0000000100000000)
  region size 1024K, 5 young (5120K), 5 survivors (5120K)
 Metaspace       used 81676K, capacity 83924K, committed 84224K, reserved 1122304K
  class space    used 10642K, capacity 11416K, committed 11520K, reserved 1048576K
}
Event: 22.479 GC heap before
{Heap before GC invocations=27 (full 0):
 garbage-first heap   total 157696K, used 129031K [0x0000000080000000, 0x0000000100000000)
  region size 1024K, 43 young (44032K), 5 survivors (5120K)
 Metaspace       used 87397K, capacity 89834K, committed 89984K, reserved 1126400K
  class space    used 11353K, capacity 12135K, committed 12160K, reserved 1048576K
}
Event: 22.490 GC heap after
{Heap after GC invocations=28 (full 0):
 garbage-first heap   total 189440K, used 90799K [0x0000000080000000, 0x0000000100000000)
  region size 1024K, 4 young (4096K), 4 survivors (4096K)
 Metaspace       used 87397K, capacity 89834K, committed 89984K, reserved 1126400K
  class space    used 11353K, capacity 12135K, committed 12160K, reserved 1048576K
}
Event: 23.733 GC heap before
{Heap before GC invocations=28 (full 0):
 garbage-first heap   total 189440K, used 141999K [0x0000000080000000, 0x0000000100000000)
  region size 1024K, 55 young (56320K), 4 survivors (4096K)
 Metaspace       used 91507K, capacity 94127K, committed 94336K, reserved 1130496K
  class space    used 11911K, capacity 12834K, committed 12928K, reserved 1048576K
}
Event: 23.747 GC heap after
{Heap after GC invocations=29 (full 0):
 garbage-first heap   total 189440K, used 93830K [0x0000000080000000, 0x0000000100000000)
  region size 1024K, 7 young (7168K), 7 survivors (7168K)
 Metaspace       used 91507K, capacity 94127K, committed 94336K, reserved 1130496K
  class space    used 11911K, capacity 12834K, committed 12928K, reserved 1048576K
}
Event: 24.800 GC heap before
{Heap before GC invocations=30 (full 0):
 garbage-first heap   total 189440K, used 145030K [0x0000000080000000, 0x0000000100000000)
  region size 1024K, 58 young (59392K), 7 survivors (7168K)
 Metaspace       used 92444K, capacity 95054K, committed 95104K, reserved 1132544K
  class space    used 11981K, capacity 12889K, committed 12928K, reserved 1048576K
}
Event: 24.814 GC heap after
{Heap after GC invocations=31 (full 0):
 garbage-first heap   total 189440K, used 96524K [0x0000000080000000, 0x0000000100000000)
  region size 1024K, 6 young (6144K), 6 survivors (6144K)
 Metaspace       used 92444K, capacity 95054K, committed 95104K, reserved 1132544K
  class space    used 11981K, capacity 12889K, committed 12928K, reserved 1048576K
}
Event: 27.162 GC heap before
{Heap before GC invocations=31 (full 0):
 garbage-first heap   total 189440K, used 147724K [0x0000000080000000, 0x0000000100000000)
  region size 1024K, 57 young (58368K), 6 survivors (6144K)
 Metaspace       used 99731K, capacity 102416K, committed 102528K, reserved 1138688K
  class space    used 12907K, capacity 13860K, committed 13952K, reserved 1048576K
}
Event: 27.178 GC heap after
{Heap after GC invocations=32 (full 0):
 garbage-first heap   total 189440K, used 100072K [0x0000000080000000, 0x0000000100000000)
  region size 1024K, 7 young (7168K), 7 survivors (7168K)
 Metaspace       used 99731K, capacity 102416K, committed 102528K, reserved 1138688K
  class space    used 12907K, capacity 13860K, committed 13952K, reserved 1048576K
}
Event: 28.097 GC heap before
{Heap before GC invocations=33 (full 0):
 garbage-first heap   total 189440K, used 151272K [0x0000000080000000, 0x0000000100000000)
  region size 1024K, 57 young (58368K), 7 survivors (7168K)
 Metaspace       used 103549K, capacity 106330K, committed 106368K, reserved 1140736K
  class space    used 13436K, capacity 14448K, committed 14464K, reserved 1048576K
}
Event: 28.108 GC heap after
{Heap after GC invocations=34 (full 0):
 garbage-first heap   total 189440K, used 103210K [0x0000000080000000, 0x0000000100000000)
  region size 1024K, 7 young (7168K), 7 survivors (7168K)
 Metaspace       used 103549K, capacity 106330K, committed 106368K, reserved 1140736K
  class space    used 13436K, capacity 14448K, committed 14464K, reserved 1048576K
}

